#
# There is insufficient memory for the Java Runtime Environment to continue.
# Native memory allocation (mmap) failed to map 132120576 bytes for G1 virtual space
# Possible reasons:
#   The system is out of physical RAM or swap space
#   The process is running with CompressedOops enabled, and the Java Heap may be blocking the growth of the native heap
# Possible solutions:
#   Reduce memory load on the system
#   Increase physical memory or swap space
#   Check if swap backing store is full
#   Decrease Java heap size (-Xmx/-Xms)
#   Decrease number of Java threads
#   Decrease Java thread stack sizes (-Xss)
#   Set larger code cache with -XX:ReservedCodeCacheSize=
#   JVM is running with Unscaled Compressed Oops mode in which the Java heap is
#     placed in the first 4GB address space. The Java Heap base address is the
#     maximum limit for the native heap growth. Please use -XX:HeapBaseMinAddress
#     to set the Java Heap base and to place the Java Heap above 4GB virtual address.
# This output file may be truncated or incomplete.
#
#  Out of Memory Error (os_windows.cpp:3557), pid=6184, tid=44996
#
# JRE version:  (17.0.6+10) (build )
# Java VM: OpenJDK 64-Bit Server VM (17.0.6+10, mixed mode, sharing, tiered, compressed oops, compressed class ptrs, g1 gc, windows-amd64)
# No core dump will be written. Minidumps are not enabled by default on client versions of Windows
#

---------------  S U M M A R Y ------------

Command Line: -ea -Dfile.encoding=UTF-8 -XX:+ShowCodeDetailsInExceptionMessages org.testng.remote.RemoteTestNG -serport 56044 -protocol json -d D:\kranthi\eclipse\Ecommerce_Project\test-output C:\Users\yejel\AppData\Local\Temp\testng-eclipse--173485718\testng-customsuite.xml

Host: Intel(R) Core(TM) i5-6200U CPU @ 2.30GHz, 4 cores, 7G,  Windows 11 , 64 bit Build 25393 (10.0.25393.1)
Time: Thu Jul 20 11:14:12 2023 Central Daylight Time elapsed time: 2.066525 seconds (0d 0h 0m 2s)

---------------  T H R E A D  ---------------

Current thread (0x000002206dc9a970):  JavaThread "Unknown thread" [_thread_in_vm, id=44996, stack(0x000000f5a8000000,0x000000f5a8100000)]

Stack: [0x000000f5a8000000,0x000000f5a8100000]
Native frames: (J=compiled Java code, j=interpreted, Vv=VM code, C=native code)
V  [jvm.dll+0x67741a]
V  [jvm.dll+0x834434]
V  [jvm.dll+0x835bde]
V  [jvm.dll+0x836243]
V  [jvm.dll+0x2457b5]
V  [jvm.dll+0x674329]
V  [jvm.dll+0x6689da]
V  [jvm.dll+0x30489b]
V  [jvm.dll+0x30bd96]
V  [jvm.dll+0x35b57e]
V  [jvm.dll+0x35b7af]
V  [jvm.dll+0x2db778]
V  [jvm.dll+0x2dc6e4]
V  [jvm.dll+0x806131]
V  [jvm.dll+0x369331]
V  [jvm.dll+0x7e56ac]
V  [jvm.dll+0x3eb35f]
V  [jvm.dll+0x3ecea1]
C  [jli.dll+0x5267]
C  [ucrtbase.dll+0x28c41]
C  [KERNEL32.DLL+0x3db1]
C  [ntdll.dll+0x14801]


---------------  P R O C E S S  ---------------

Threads class SMR info:
_java_thread_list=0x00007ffae79a5fd8, length=0, elements={
}

Java Threads: ( => current thread )

Other Threads:
  0x000002206dcf7850 GCTaskThread "GC Thread#0" [stack: 0x000000f5a8200000,0x000000f5a8300000] [id=35684]
  0x000002206dd081b0 ConcurrentGCThread "G1 Main Marker" [stack: 0x000000f5a8300000,0x000000f5a8400000] [id=44832]
  0x000002206dd08a60 ConcurrentGCThread "G1 Conc#0" [stack: 0x000000f5a8400000,0x000000f5a8500000] [id=43980]

[error occurred during error reporting (printing all threads), id 0xc0000005, EXCEPTION_ACCESS_VIOLATION (0xc0000005) at pc=0x00007ffae717c1e7]

VM state: not at safepoint (not fully initialized)

VM Mutex/Monitor currently owned by a thread:  ([mutex/lock_event])
[0x000002206dc96fd0] Heap_lock - owner thread: 0x000002206dc9a970

Heap address: 0x0000000082400000, size: 2012 MB, Compressed Oops mode: 32-bit

CDS archive(s) mapped at: [0x0000000000000000-0x0000000000000000-0x0000000000000000), size 0, SharedBaseAddress: 0x0000000800000000, ArchiveRelocationMode: 0.
Narrow klass base: 0x0000000000000000, Narrow klass shift: 0, Narrow klass range: 0x0

GC Precious Log:
<Empty>

Heap:
 garbage-first heap   total 0K, used 0K [0x0000000082400000, 0x0000000100000000)
  region size 1024K, 0 young (0K), 0 survivors (0K)

[error occurred during error reporting (printing heap information), id 0xc0000005, EXCEPTION_ACCESS_VIOLATION (0xc0000005) at pc=0x00007ffae75606f9]

GC Heap History (0 events):
No events

Dll operation events (1 events):
Event: 0.025 Loaded shared library D:\kranthi\eclipse\eclipse-jee-2023-03-R-win32-x86_64\eclipse\plugins\org.eclipse.justj.openjdk.hotspot.jre.full.win32.x86_64_17.0.6.v20230204-1729\jre\bin\java.dll

Deoptimization events (0 events):
No events

Classes unloaded (0 events):
No events

Classes redefined (0 events):
No events

Internal exceptions (0 events):
No events

VM Operations (0 events):
No events

Events (0 events):
No events


Dynamic libraries:
0x00007ff684070000 - 0x00007ff68407e000 	D:\kranthi\eclipse\eclipse-jee-2023-03-R-win32-x86_64\eclipse\plugins\org.eclipse.justj.openjdk.hotspot.jre.full.win32.x86_64_17.0.6.v20230204-1729\jre\bin\javaw.exe
0x00007ffb33320000 - 0x00007ffb33548000 	C:\WINDOWS\SYSTEM32\ntdll.dll
0x00007ffb32bd0000 - 0x00007ffb32c92000 	C:\WINDOWS\System32\KERNEL32.DLL
0x00007ffb30850000 - 0x00007ffb30b9f000 	C:\WINDOWS\System32\KERNELBASE.dll
0x00007ffb30d50000 - 0x00007ffb30e60000 	C:\WINDOWS\System32\ucrtbase.dll
0x00007ffb2d7a0000 - 0x00007ffb2d7b7000 	D:\kranthi\eclipse\eclipse-jee-2023-03-R-win32-x86_64\eclipse\plugins\org.eclipse.justj.openjdk.hotspot.jre.full.win32.x86_64_17.0.6.v20230204-1729\jre\bin\jli.dll
0x00007ffb31380000 - 0x00007ffb31530000 	C:\WINDOWS\System32\USER32.dll
0x00007ffb30820000 - 0x00007ffb30846000 	C:\WINDOWS\System32\win32u.dll
0x00007ffb31670000 - 0x00007ffb31699000 	C:\WINDOWS\System32\GDI32.dll
0x00007ffb310a0000 - 0x00007ffb311be000 	C:\WINDOWS\System32\gdi32full.dll
0x00007ffb30ca0000 - 0x00007ffb30d44000 	C:\WINDOWS\System32\msvcp_win.dll
0x00007ffb2d760000 - 0x00007ffb2d779000 	D:\kranthi\eclipse\eclipse-jee-2023-03-R-win32-x86_64\eclipse\plugins\org.eclipse.justj.openjdk.hotspot.jre.full.win32.x86_64_17.0.6.v20230204-1729\jre\bin\VCRUNTIME140.dll
0x00007ffb1b9f0000 - 0x00007ffb1bc7e000 	C:\WINDOWS\WinSxS\amd64_microsoft.windows.common-controls_6595b64144ccf1df_6.0.25393.1_none_16cac9dff076f9e7\COMCTL32.dll
0x00007ffb31530000 - 0x00007ffb315d6000 	C:\WINDOWS\System32\msvcrt.dll
0x00007ffb329c0000 - 0x00007ffb329f0000 	C:\WINDOWS\System32\IMM32.DLL
0x00007ffb27280000 - 0x00007ffb2728c000 	D:\kranthi\eclipse\eclipse-jee-2023-03-R-win32-x86_64\eclipse\plugins\org.eclipse.justj.openjdk.hotspot.jre.full.win32.x86_64_17.0.6.v20230204-1729\jre\bin\vcruntime140_1.dll
0x00007ffb0df90000 - 0x00007ffb0e021000 	D:\kranthi\eclipse\eclipse-jee-2023-03-R-win32-x86_64\eclipse\plugins\org.eclipse.justj.openjdk.hotspot.jre.full.win32.x86_64_17.0.6.v20230204-1729\jre\bin\msvcp140.dll
0x00007ffae6e90000 - 0x00007ffae7ad7000 	D:\kranthi\eclipse\eclipse-jee-2023-03-R-win32-x86_64\eclipse\plugins\org.eclipse.justj.openjdk.hotspot.jre.full.win32.x86_64_17.0.6.v20230204-1729\jre\bin\server\jvm.dll
0x00007ffb32cb0000 - 0x00007ffb32d5f000 	C:\WINDOWS\System32\ADVAPI32.dll
0x00007ffb330f0000 - 0x00007ffb33193000 	C:\WINDOWS\System32\sechost.dll
0x00007ffb31250000 - 0x00007ffb31377000 	C:\WINDOWS\System32\RPCRT4.dll
0x00007ffb27290000 - 0x00007ffb27299000 	C:\WINDOWS\SYSTEM32\WSOCK32.dll
0x00007ffb315f0000 - 0x00007ffb31663000 	C:\WINDOWS\System32\WS2_32.dll
0x00007ffb25ef0000 - 0x00007ffb25f25000 	C:\WINDOWS\SYSTEM32\WINMM.dll
0x00007ffb22820000 - 0x00007ffb2282a000 	C:\WINDOWS\SYSTEM32\VERSION.dll
0x00007ffb2f850000 - 0x00007ffb2f868000 	C:\WINDOWS\SYSTEM32\kernel.appcore.dll
0x00007ffb25a00000 - 0x00007ffb25a0a000 	D:\kranthi\eclipse\eclipse-jee-2023-03-R-win32-x86_64\eclipse\plugins\org.eclipse.justj.openjdk.hotspot.jre.full.win32.x86_64_17.0.6.v20230204-1729\jre\bin\jimage.dll
0x00007ffb2e3b0000 - 0x00007ffb2e5e4000 	C:\WINDOWS\SYSTEM32\DBGHELP.DLL
0x00007ffb32d60000 - 0x00007ffb330e1000 	C:\WINDOWS\System32\combase.dll
0x00007ffb33200000 - 0x00007ffb332d3000 	C:\WINDOWS\System32\OLEAUT32.dll
0x00007ffaf9ef0000 - 0x00007ffaf9f20000 	C:\WINDOWS\SYSTEM32\dbgcore.DLL
0x00007ffb30c10000 - 0x00007ffb30c93000 	C:\WINDOWS\System32\bcryptPrimitives.dll
0x00007ffb0d190000 - 0x00007ffb0d1b5000 	D:\kranthi\eclipse\eclipse-jee-2023-03-R-win32-x86_64\eclipse\plugins\org.eclipse.justj.openjdk.hotspot.jre.full.win32.x86_64_17.0.6.v20230204-1729\jre\bin\java.dll

dbghelp: loaded successfully - version: 4.0.5 - missing functions: none
symbol engine: initialized successfully - sym options: 0x614 - pdb path: .;D:\kranthi\eclipse\eclipse-jee-2023-03-R-win32-x86_64\eclipse\plugins\org.eclipse.justj.openjdk.hotspot.jre.full.win32.x86_64_17.0.6.v20230204-1729\jre\bin;C:\WINDOWS\SYSTEM32;C:\WINDOWS\WinSxS\amd64_microsoft.windows.common-controls_6595b64144ccf1df_6.0.25393.1_none_16cac9dff076f9e7;D:\kranthi\eclipse\eclipse-jee-2023-03-R-win32-x86_64\eclipse\plugins\org.eclipse.justj.openjdk.hotspot.jre.full.win32.x86_64_17.0.6.v20230204-1729\jre\bin\server

VM Arguments:
jvm_args: -ea -Dfile.encoding=UTF-8 -XX:+ShowCodeDetailsInExceptionMessages 
java_command: org.testng.remote.RemoteTestNG -serport 56044 -protocol json -d D:\kranthi\eclipse\Ecommerce_Project\test-output C:\Users\yejel\AppData\Local\Temp\testng-eclipse--173485718\testng-customsuite.xml
java_class_path (initial): D:\kranthi\eclipse\eclipse-jee-2023-03-R-win32-x86_64\eclipse\configuration\org.eclipse.osgi\929\0\.cp\lib\testng-remote.jar;D:\kranthi\eclipse\Ecommerce_Project\target\test-classes;D:\kranthi\eclipse\Ecommerce_Project\target\classes;C:\Users\yejel\.m2\repository\org\seleniumhq\selenium\selenium-java\4.9.0\selenium-java-4.9.0.jar;C:\Users\yejel\.m2\repository\org\seleniumhq\selenium\selenium-api\4.9.0\selenium-api-4.9.0.jar;C:\Users\yejel\.m2\repository\org\seleniumhq\selenium\selenium-chrome-driver\4.9.0\selenium-chrome-driver-4.9.0.jar;C:\Users\yejel\.m2\repository\com\google\auto\service\auto-service-annotations\1.0.1\auto-service-annotations-1.0.1.jar;C:\Users\yejel\.m2\repository\com\google\auto\service\auto-service\1.0.1\auto-service-1.0.1.jar;C:\Users\yejel\.m2\repository\com\google\auto\auto-common\1.2\auto-common-1.2.jar;C:\Users\yejel\.m2\repository\com\google\guava\guava\31.1-jre\guava-31.1-jre.jar;C:\Users\yejel\.m2\repository\com\google\guava\failureaccess\1.0.1\failureaccess-1.0.1.jar;C:\Users\yejel\.m2\repository\com\google\guava\listenablefuture\9999.0-empty-to-avoid-conflict-with-guava\listenablefuture-9999.0-empty-to-avoid-conflict-with-guava.jar;C:\Users\yejel\.m2\repository\com\google\code\findbugs\jsr305\3.0.2\jsr305-3.0.2.jar;C:\Users\yejel\.m2\repository\org\checkerframework\checker-qual\3.12.0\checker-qual-3.12.0.jar;C:\Users\yejel\.m2\repository\com\google\errorprone\error_prone_annotations\2.11.0\error_prone_annotations-2.11.0.jar;C:\Users\yejel\.m2\repository\com\google\j2objc\j2objc-annotations\1.3\j2objc-annotations-1.3.jar;C:\Users\yejel\.m2\repository\org\seleniumhq\selenium\selenium-chromium-driver\4.9.0\selenium-chromium-driver-4.9.0.jar;C:\Users\yejel\.m2\repository\org\seleniumhq\selenium\selenium-json\4.9.0\selenium-json-4.9.0.jar;C:\Users\yejel\.m2\repository\org\seleniumhq\selenium\selenium-manager\4.9.0\selenium-manager-4.9.0.jar;C:\Users\yejel\.m2\repository\org\seleniumhq\selenium\selenium-devtool
Launcher Type: SUN_STANDARD

[Global flags]
     intx CICompilerCount                          = 3                                         {product} {ergonomic}
     uint ConcGCThreads                            = 1                                         {product} {ergonomic}
     uint G1ConcRefinementThreads                  = 4                                         {product} {ergonomic}
   size_t G1HeapRegionSize                         = 1048576                                   {product} {ergonomic}
    uintx GCDrainStackTargetSize                   = 64                                        {product} {ergonomic}
   size_t InitialHeapSize                          = 132120576                                 {product} {ergonomic}
   size_t MarkStackSize                            = 4194304                                   {product} {ergonomic}
   size_t MaxHeapSize                              = 2109734912                                {product} {ergonomic}
   size_t MinHeapDeltaBytes                        = 1048576                                   {product} {ergonomic}
   size_t MinHeapSize                              = 8388608                                   {product} {ergonomic}
    uintx NonNMethodCodeHeapSize                   = 5832780                                {pd product} {ergonomic}
    uintx NonProfiledCodeHeapSize                  = 122912730                              {pd product} {ergonomic}
    uintx ProfiledCodeHeapSize                     = 122912730                              {pd product} {ergonomic}
    uintx ReservedCodeCacheSize                    = 251658240                              {pd product} {ergonomic}
     bool SegmentedCodeCache                       = true                                      {product} {ergonomic}
     bool ShowCodeDetailsInExceptionMessages       = true                                   {manageable} {command line}
   size_t SoftMaxHeapSize                          = 2109734912                             {manageable} {ergonomic}
     bool UseCompressedClassPointers               = true                           {product lp64_product} {ergonomic}
     bool UseCompressedOops                        = true                           {product lp64_product} {ergonomic}
     bool UseG1GC                                  = true                                      {product} {ergonomic}
     bool UseLargePagesIndividualAllocation        = false                                  {pd product} {ergonomic}

Logging:
Log output configuration:
 #0: stdout all=warning uptime,level,tags
 #1: stderr all=off uptime,level,tags

Environment Variables:
JAVA_HOME=C:\Program Files\Java\jdk1.8.0_111
PATH=D:/kranthi/eclipse/eclipse-jee-2023-03-R-win32-x86_64/eclipse//plugins/org.eclipse.justj.openjdk.hotspot.jre.full.win32.x86_64_17.0.6.v20230204-1729/jre/bin/server;D:/kranthi/eclipse/eclipse-jee-2023-03-R-win32-x86_64/eclipse//plugins/org.eclipse.justj.openjdk.hotspot.jre.full.win32.x86_64_17.0.6.v20230204-1729/jre/bin;C:\Program Files\Common Files\Oracle\Java\javapath;C:\Program Files (x86)\Common Files\Oracle\Java\javapath;C:\ProgramData\Oracle\Java\javapath;C:\Program Files\Broadcom\Broadcom 802.11 Network Adapter;C:\WINDOWS\system32;C:\WINDOWS;C:\WINDOWS\System32\Wbem;C:\WINDOWS\System32\WindowsPowerShell\v1.0\;C:\Program Files\Lenovo\Bluetooth Software\;C:\Program Files\Lenovo\Bluetooth Software\syswow64;C:\Program Files\Java\jdk\bin;C:\Program Files\Java\jre\bin;C:\Program Files\Java\jdk7\bin;C:\Program Files\Java\jre7\bin;C:\Program Files (x86)\Skype\Phone\;C:\WINDOWS\System32\OpenSSH\;C:\Program Files\Java\jdk1.8.0_111\bin;%MAVEN-HOME%\bin;%JAVA-HOME%\bin;C:\apache-maven-3.9.3-bin\apache-maven-3.9.3\bin;C:\Program Files\Git\cmd;C:\Users\yejel\Anaconda2;C:\Users\yejel\Anaconda2\Library\mingw-w64\bin;C:\Users\yejel\Anaconda2\Library\usr\bin;C:\Users\yejel\Anaconda2\Library\bin;C:\Users\yejel\Anaconda2\Scripts;C:\Users\yejel\AppData\Local\Microsoft\WindowsApps;C:\Users\yejel\AppData\Local\atom\bin;C:\Users\yejel\AppData\Local\Microsoft\WindowsApps;;D:\kranthi\eclipse\eclipse-jee-2023-03-R-win32-x86_64\eclipse;
USERNAME=yejel
OS=Windows_NT
PROCESSOR_IDENTIFIER=Intel64 Family 6 Model 78 Stepping 3, GenuineIntel
TMP=C:\Users\yejel\AppData\Local\Temp
TEMP=C:\Users\yejel\AppData\Local\Temp



---------------  S Y S T E M  ---------------

OS:
 Windows 11 , 64 bit Build 25393 (10.0.25393.1)
OS uptime: 1 days 3:12 hours

CPU: total 4 (initial active 4) (2 cores per cpu, 2 threads per core) family 6 model 78 stepping 3 microcode 0xd6, cx8, cmov, fxsr, ht, mmx, 3dnowpref, sse, sse2, sse3, ssse3, sse4.1, sse4.2, popcnt, lzcnt, tsc, tscinvbit, avx, avx2, aes, erms, clmul, bmi1, bmi2, adx, fma, vzeroupper, clflush, clflushopt

Memory: 4k page, system-wide physical 8045M (240M free)
TotalPageFile size 23113M (AvailPageFile size 163M)
current process WorkingSet (physical memory assigned to process): 11M, peak: 11M
current process commit charge ("private bytes"): 51M, peak: 177M

vm_info: OpenJDK 64-Bit Server VM (17.0.6+10) for windows-amd64 JRE (17.0.6+10), built on Jan 18 2023 10:08:59 by "temurin" with MS VC++ 16.7 (VS2019)

END.
